<?xml version="1.0" encoding="UTF-8"?>
<!-- Generated by org.testng.reporters.JUnitXMLReporter -->
<testsuite ignored="0" hostname="DESKTOP-23IC7LE" failures="0" tests="6" name="Default test" time="5.189" errors="0" timestamp="2023-05-15T12:10:26 BST">
  <testcase classname="api.test.DDTests" name="testPostUser" time="1.873"/>
  <testcase classname="api.test.DDTests" name="testPostUser" time="0.458"/>
  <testcase classname="api.test.DDTests" name="testPostUser" time="0.443"/>
  <testcase classname="api.test.DDTests" name="testDeleteUserByName" time="0.456"/>
  <testcase classname="api.test.DDTests" name="testDeleteUserByName" time="0.437"/>
  <testcase classname="api.test.DDTests" name="testDeleteUserByName" time="0.432"/>
</testsuite> <!-- Default test -->
