<?xml version="1.0" encoding="UTF-8"?>
<testng-results ignored="0" total="4" passed="4" failed="0" skipped="0">
  <reporter-output>
  </reporter-output>
  <suite started-at="2023-05-22T10:46:21 BST" name="PetSuite" finished-at="2023-05-22T10:46:25 BST" duration-ms="4102">
    <groups>
    </groups>
    <test started-at="2023-05-22T10:46:21 BST" name="PetTest" finished-at="2023-05-22T10:46:25 BST" duration-ms="4102">
      <class name="api.test.UserTests2">
        <test-method is-config="true" signature="setup()[pri:0, instance:api.test.UserTests2@4a883b15]" started-at="2023-05-22T10:46:21 BST" name="setup" finished-at="2023-05-22T10:46:22 BST" duration-ms="490" status="PASS">
          <reporter-output>
          </reporter-output>
        </test-method> <!-- setup -->
        <test-method signature="testPostUser()[pri:1, instance:api.test.UserTests2@4a883b15]" started-at="2023-05-22T10:46:22 BST" name="testPostUser" finished-at="2023-05-22T10:46:24 BST" duration-ms="1617" status="PASS">
          <reporter-output>
          </reporter-output>
        </test-method> <!-- testPostUser -->
        <test-method signature="testGetUserByName()[pri:2, instance:api.test.UserTests2@4a883b15]" started-at="2023-05-22T10:46:24 BST" name="testGetUserByName" finished-at="2023-05-22T10:46:24 BST" duration-ms="467" status="PASS">
          <reporter-output>
          </reporter-output>
        </test-method> <!-- testGetUserByName -->
        <test-method signature="testUpdateUserByName()[pri:3, instance:api.test.UserTests2@4a883b15]" started-at="2023-05-22T10:46:24 BST" name="testUpdateUserByName" finished-at="2023-05-22T10:46:25 BST" duration-ms="880" status="PASS">
          <reporter-output>
          </reporter-output>
        </test-method> <!-- testUpdateUserByName -->
        <test-method signature="testDeleteUserByName()[pri:4, instance:api.test.UserTests2@4a883b15]" started-at="2023-05-22T10:46:25 BST" name="testDeleteUserByName" finished-at="2023-05-22T10:46:25 BST" duration-ms="422" status="PASS">
          <reporter-output>
          </reporter-output>
        </test-method> <!-- testDeleteUserByName -->
      </class> <!-- api.test.UserTests2 -->
    </test> <!-- PetTest -->
  </suite> <!-- PetSuite -->
</testng-results>
