<?xml version="1.0" encoding="UTF-8"?>
<testng-results ignored="0" total="4" passed="4" failed="0" skipped="0">
  <reporter-output>
  </reporter-output>
  <suite started-at="2023-05-18T10:31:20 BST" name="PetSuite" finished-at="2023-05-18T10:31:25 BST" duration-ms="4305">
    <groups>
    </groups>
    <test started-at="2023-05-18T10:31:20 BST" name="PetTest" finished-at="2023-05-18T10:31:25 BST" duration-ms="4305">
      <class name="api.test.UserTests2">
        <test-method is-config="true" signature="setup()[pri:0, instance:api.test.UserTests2@7e07db1f]" started-at="2023-05-18T10:31:21 BST" name="setup" finished-at="2023-05-18T10:31:21 BST" duration-ms="626" status="PASS">
          <reporter-output>
          </reporter-output>
        </test-method> <!-- setup -->
        <test-method signature="testPostUser()[pri:1, instance:api.test.UserTests2@7e07db1f]" started-at="2023-05-18T10:31:21 BST" name="testPostUser" finished-at="2023-05-18T10:31:23 BST" duration-ms="1676" status="PASS">
          <reporter-output>
          </reporter-output>
        </test-method> <!-- testPostUser -->
        <test-method signature="testGetUserByName()[pri:2, instance:api.test.UserTests2@7e07db1f]" started-at="2023-05-18T10:31:23 BST" name="testGetUserByName" finished-at="2023-05-18T10:31:23 BST" duration-ms="450" status="PASS">
          <reporter-output>
          </reporter-output>
        </test-method> <!-- testGetUserByName -->
        <test-method signature="testUpdateUserByName()[pri:3, instance:api.test.UserTests2@7e07db1f]" started-at="2023-05-18T10:31:23 BST" name="testUpdateUserByName" finished-at="2023-05-18T10:31:24 BST" duration-ms="876" status="PASS">
          <reporter-output>
          </reporter-output>
        </test-method> <!-- testUpdateUserByName -->
        <test-method signature="testDeleteUserByName()[pri:4, instance:api.test.UserTests2@7e07db1f]" started-at="2023-05-18T10:31:24 BST" name="testDeleteUserByName" finished-at="2023-05-18T10:31:25 BST" duration-ms="436" status="PASS">
          <reporter-output>
          </reporter-output>
        </test-method> <!-- testDeleteUserByName -->
      </class> <!-- api.test.UserTests2 -->
    </test> <!-- PetTest -->
  </suite> <!-- PetSuite -->
</testng-results>
