<?xml version="1.0" encoding="UTF-8"?>
<!-- Generated by org.testng.reporters.JUnitXMLReporter -->
<testsuite ignored="0" hostname="DESKTOP-23IC7LE" failures="0" tests="4" name="PetTest" time="4.102" errors="0" timestamp="2023-05-22T10:46:25 BST">
  <testcase classname="api.test.UserTests2" name="testPostUser" time="1.617"/>
  <testcase classname="api.test.UserTests2" name="testGetUserByName" time="0.467"/>
  <testcase classname="api.test.UserTests2" name="testUpdateUserByName" time="0.88"/>
  <testcase classname="api.test.UserTests2" name="testDeleteUserByName" time="0.422"/>
</testsuite> <!-- PetTest -->
