<?xml version="1.0" encoding="UTF-8"?>
<!-- Generated by org.testng.reporters.JUnitXMLReporter -->
<testsuite ignored="0" hostname="DESKTOP-23IC7LE" failures="0" tests="4" name="PetTest" time="4.305" errors="0" timestamp="2023-05-18T10:31:25 BST">
  <testcase classname="api.test.UserTests2" name="testPostUser" time="1.676"/>
  <testcase classname="api.test.UserTests2" name="testGetUserByName" time="0.45"/>
  <testcase classname="api.test.UserTests2" name="testUpdateUserByName" time="0.876"/>
  <testcase classname="api.test.UserTests2" name="testDeleteUserByName" time="0.436"/>
</testsuite> <!-- PetTest -->
